September 11, 2021, 5:28 pm
Productos Encontrados: 14
Productos Creados: 0
Productos Actualizados: 14
Cantidad de Errores: 0
---------------------------------------------
September 11, 2021, 5:36 pm
Productos Encontrados: 14
Productos Creados: 0
Productos Actualizados: 14
Cantidad de Errores: 0
---------------------------------------------
September 11, 2021, 5:40 pm
Productos Encontrados: 14
Productos Creados: 14
Productos Actualizados: 0
Cantidad de Errores: 0
---------------------------------------------
September 11, 2021, 6:54 pm
Productos Encontrados: 14
Productos Creados: 0
Productos Actualizados: 14
Cantidad de Errores: 0
---------------------------------------------
September 11, 2021, 6:56 pm
Productos Encontrados: 14
Productos Creados: 0
Productos Actualizados: 14
Cantidad de Errores: 0
---------------------------------------------
