September 8, 2021, 2:44 am || 
Productos Encontrados: 14
Productos Creados: 2
Productos Actualizados: 12
Cantidad de Errores: 0
---------------------------------------------
September 8, 2021, 12:34 pm
Productos Encontrados: 14
Productos Creados: 0
Productos Actualizados: 14
Cantidad de Errores: 0
---------------------------------------------
September 8, 2021, 12:43 pm
Productos Encontrados: 14
Productos Creados: 0
Productos Actualizados: 14
Cantidad de Errores: 0
---------------------------------------------
September 8, 2021, 6:26 pm
Productos Encontrados: 14
Productos Creados: 0
Productos Actualizados: 14
Cantidad de Errores: 0
---------------------------------------------
September 8, 2021, 6:34 pm
Productos Encontrados: 14
Productos Creados: 0
Productos Actualizados: 14
Cantidad de Errores: 0
---------------------------------------------
2021-09-08 15:40:21
Productos Encontrados: 14
Productos Creados: 0
Productos Actualizados: 14
Cantidad de Errores: 0
---------------------------------------------
September 8, 2021, 3:41 pm
Productos Encontrados: 14
Productos Creados: 0
Productos Actualizados: 14
Cantidad de Errores: 0
---------------------------------------------
September 8, 2021, 3:43 pm
Productos Encontrados: 14
Productos Creados: 0
Productos Actualizados: 14
Cantidad de Errores: 0
---------------------------------------------
September 8, 2021, 4:31 pm
Productos Encontrados: 14
Productos Creados: 0
Productos Actualizados: 14
Cantidad de Errores: 0
---------------------------------------------
September 8, 2021, 4:44 pm
Productos Encontrados: 14
Productos Creados: 0
Productos Actualizados: 14
Cantidad de Errores: 0
---------------------------------------------
September 8, 2021, 4:52 pm
Productos Encontrados: 14
Productos Creados: 0
Productos Actualizados: 14
Cantidad de Errores: 0
---------------------------------------------
September 8, 2021, 4:56 pm
Productos Encontrados: 14
Productos Creados: 0
Productos Actualizados: 14
Cantidad de Errores: 0
---------------------------------------------
September 8, 2021, 4:59 pm
Productos Encontrados: 14
Productos Creados: 0
Productos Actualizados: 14
Cantidad de Errores: 0
---------------------------------------------
September 8, 2021, 5:01 pm
Productos Encontrados: 14
Productos Creados: 0
Productos Actualizados: 14
Cantidad de Errores: 0
---------------------------------------------
September 8, 2021, 5:09 pm
Productos Encontrados: 14
Productos Creados: 14
Productos Actualizados: 0
Cantidad de Errores: 0
---------------------------------------------
September 8, 2021, 5:44 pm
Productos Encontrados: 14
Productos Creados: 0
Productos Actualizados: 14
Cantidad de Errores: 0
---------------------------------------------
September 8, 2021, 5:56 pm
Productos Encontrados: 14
Productos Creados: 0
Productos Actualizados: 14
Cantidad de Errores: 0
---------------------------------------------
September 8, 2021, 6:14 pm
Productos Encontrados: 14
Productos Creados: 0
Productos Actualizados: 14
Cantidad de Errores: 0
---------------------------------------------
September 8, 2021, 6:16 pm
Productos Encontrados: 14
Productos Creados: 0
Productos Actualizados: 14
Cantidad de Errores: 0
---------------------------------------------
September 8, 2021, 6:43 pm
Productos Encontrados: 14
Productos Creados: 0
Productos Actualizados: 14
Cantidad de Errores: 0
---------------------------------------------
September 8, 2021, 7:32 pm
Productos Encontrados: 14
Productos Creados: 0
Productos Actualizados: 14
Cantidad de Errores: 0
---------------------------------------------
September 8, 2021, 7:32 pm
Productos Encontrados: 14
Productos Creados: 0
Productos Actualizados: 14
Cantidad de Errores: 0
---------------------------------------------
September 8, 2021, 7:33 pm
Productos Encontrados: 14
Productos Creados: 0
Productos Actualizados: 14
Cantidad de Errores: 0
---------------------------------------------
September 8, 2021, 7:35 pm
Productos Encontrados: 14
Productos Creados: 0
Productos Actualizados: 14
Cantidad de Errores: 0
---------------------------------------------
September 8, 2021, 7:36 pm
Productos Encontrados: 14
Productos Creados: 0
Productos Actualizados: 14
Cantidad de Errores: 0
---------------------------------------------
September 8, 2021, 7:37 pm
Productos Encontrados: 14
Productos Creados: 0
Productos Actualizados: 14
Cantidad de Errores: 0
---------------------------------------------
September 8, 2021, 7:40 pm
Productos Encontrados: 14
Productos Creados: 0
Productos Actualizados: 14
Cantidad de Errores: 0
---------------------------------------------
September 8, 2021, 7:40 pm
Productos Encontrados: 14
Productos Creados: 0
Productos Actualizados: 14
Cantidad de Errores: 0
---------------------------------------------
September 8, 2021, 7:41 pm
Productos Encontrados: 14
Productos Creados: 0
Productos Actualizados: 14
Cantidad de Errores: 0
---------------------------------------------
September 8, 2021, 7:42 pm
Productos Encontrados: 14
Productos Creados: 0
Productos Actualizados: 14
Cantidad de Errores: 0
---------------------------------------------
September 8, 2021, 7:43 pm
Productos Encontrados: 14
Productos Creados: 0
Productos Actualizados: 14
Cantidad de Errores: 0
---------------------------------------------
September 8, 2021, 7:43 pm
Productos Encontrados: 14
Productos Creados: 0
Productos Actualizados: 14
Cantidad de Errores: 0
---------------------------------------------
September 8, 2021, 7:45 pm
Productos Encontrados: 14
Productos Creados: 0
Productos Actualizados: 14
Cantidad de Errores: 0
---------------------------------------------
September 8, 2021, 7:47 pm
Productos Encontrados: 14
Productos Creados: 0
Productos Actualizados: 14
Cantidad de Errores: 0
---------------------------------------------
September 8, 2021, 7:48 pm
Productos Encontrados: 14
Productos Creados: 14
Productos Actualizados: 0
Cantidad de Errores: 0
---------------------------------------------
September 8, 2021, 7:53 pm
Productos Encontrados: 14
Productos Creados: 0
Productos Actualizados: 14
Cantidad de Errores: 0
---------------------------------------------
September 8, 2021, 8:02 pm
Productos Encontrados: 14
Productos Creados: 0
Productos Actualizados: 14
Cantidad de Errores: 0
---------------------------------------------
September 8, 2021, 8:03 pm
Productos Encontrados: 14
Productos Creados: 0
Productos Actualizados: 14
Cantidad de Errores: 0
---------------------------------------------
September 8, 2021, 8:05 pm
Productos Encontrados: 14
Productos Creados: 0
Productos Actualizados: 14
Cantidad de Errores: 0
---------------------------------------------
